<?xml version="1.0" encoding="UTF-8"?>
<testng-results skipped="0" failed="0" ignored="0" total="1" passed="1">
  <reporter-output>
  </reporter-output>
  <suite name="Default suite" duration-ms="4359" started-at="2019-03-01T12:48:31Z" finished-at="2019-03-01T12:48:35Z">
    <groups>
    </groups>
    <test name="Default test" duration-ms="4359" started-at="2019-03-01T12:48:31Z" finished-at="2019-03-01T12:48:35Z">
      <class name="TC_005_PostRequestValidation">
        <test-method status="PASS" signature="setConfig()[pri:0, instance:TC_005_PostRequestValidation@47c62251]" name="setConfig" is-config="true" duration-ms="17" started-at="2019-03-01T12:48:31Z" finished-at="2019-03-01T12:48:31Z">
          <reporter-output>
          </reporter-output>
        </test-method> <!-- setConfig -->
        <test-method status="PASS" signature="testJsonBody1()[pri:0, instance:TC_005_PostRequestValidation@47c62251]" name="testJsonBody1" duration-ms="4316" started-at="2019-03-01T12:48:31Z" finished-at="2019-03-01T12:48:35Z">
          <reporter-output>
          </reporter-output>
        </test-method> <!-- testJsonBody1 -->
      </class> <!-- TC_005_PostRequestValidation -->
    </test> <!-- Default test -->
  </suite> <!-- Default suite -->
</testng-results>
